C:\Program Files\Microsoft Visual Studio\2022\Community\MSBuild\Microsoft\VC\v170\Microsoft.CppBuild.targets(531,5): warning MSB8028: 中繼目錄 (x64\Release\) 包含從其他專案 (imgCap.vcxproj) 共用的檔案。這可能導致錯誤的清除和重建行為。
  IntrinsicCalib.cpp
D:\OpenCV\opencv\build\include\opencv2\core.hpp(1743,1): warning C4819: 檔案含有無法在目前字碼頁 (950) 中表示的字元。請以 Unicode 格式儲存檔案以防止資料遺失
  (編譯來源檔案 'IntrinsicCalib.cpp')
  
D:\OpenCV\opencv\build\include\opencv2\core.hpp(1743,1): warning C4819: 檔案含有無法在目前字碼頁 (950) 中表示的字元。請以 Unicode 格式儲存檔案以防止資料遺失
  (編譯來源檔案 'IntrinsicCalib.cpp')
  
D:\OpenCV\opencv\build\include\opencv2\core.hpp(1743,1): warning C4819: 檔案含有無法在目前字碼頁 (950) 中表示的字元。請以 Unicode 格式儲存檔案以防止資料遺失
  (編譯來源檔案 'IntrinsicCalib.cpp')
  
D:\OpenCV\opencv\build\include\opencv2\calib3d.hpp(1,1): warning C4819: 檔案含有無法在目前字碼頁 (950) 中表示的字元。請以 Unicode 格式儲存檔案以防止資料遺失
  (編譯來源檔案 'IntrinsicCalib.cpp')
  
D:\Proj\OpenCV_proj\CamCalib\imgCap\IntrinsicCalib.cpp(124,34): warning C4244: '引數': 將 'int' 轉換為 '_Tp'，由於類型不同，可能導致資料遺失
D:\Proj\OpenCV_proj\CamCalib\imgCap\IntrinsicCalib.cpp(124,34): warning C4244:         with
D:\Proj\OpenCV_proj\CamCalib\imgCap\IntrinsicCalib.cpp(124,34): warning C4244:         [
D:\Proj\OpenCV_proj\CamCalib\imgCap\IntrinsicCalib.cpp(124,34): warning C4244:             _Tp=float
D:\Proj\OpenCV_proj\CamCalib\imgCap\IntrinsicCalib.cpp(124,34): warning C4244:         ]
D:\Proj\OpenCV_proj\CamCalib\imgCap\IntrinsicCalib.cpp(124,31): warning C4244: '引數': 將 'int' 轉換為 '_Tp'，由於類型不同，可能導致資料遺失
D:\Proj\OpenCV_proj\CamCalib\imgCap\IntrinsicCalib.cpp(124,31): warning C4244:         with
D:\Proj\OpenCV_proj\CamCalib\imgCap\IntrinsicCalib.cpp(124,31): warning C4244:         [
D:\Proj\OpenCV_proj\CamCalib\imgCap\IntrinsicCalib.cpp(124,31): warning C4244:             _Tp=float
D:\Proj\OpenCV_proj\CamCalib\imgCap\IntrinsicCalib.cpp(124,31): warning C4244:         ]
  正在產生程式碼
  1 of 447 functions ( 0.2%) were compiled, the rest were copied from previous compilation.
    0 functions were new in current compilation
    1 functions had inline decision re-evaluated but remain unchanged
  已完成程式碼產生
  imgCap.vcxproj -> D:\Proj\OpenCV_proj\CamCalib\x64\Release\IntrinsicCalib.exe
